Using pre-set license
Built from '2020.2/release' branch; Version is '2020.2.2f1 (068178b99f32) revision 426360'; Using compiler version '192528614'; Build Type 'Release'
OS: 'Windows 10 Pro; OS build 19042.867; Version 2009; 64bit' Language: 'en' Physical Memory: 24502 MB
BatchMode: 1, IsHumanControllingUs: 0, StartBugReporterOnCrash: 0, Is64bit: 1, IsPro: 0

 COMMAND LINE ARGUMENTS:
E:\Unity Hub\Unity\Editor\2020.2.2f1\Editor\Unity.exe
-adb2
-batchMode
-noUpm
-name
AssetImportWorker0
-projectPath
E:/School Projects/CST326/CST326-TowerDefenseProject/CST326-Tower Defense
-logFile
Logs/AssetImportWorker0.log
-srvPort
50695
Successfully changed project path to: E:/School Projects/CST326/CST326-TowerDefenseProject/CST326-Tower Defense
E:/School Projects/CST326/CST326-TowerDefenseProject/CST326-Tower Defense
Using Asset Import Pipeline V2.
Refreshing native plugins compatible for Editor in 26.69 ms, found 0 plugins.
Preloading 0 native plugins for Editor in 0.00 ms.
Initialize engine version: 2020.2.2f1 (068178b99f32)
[Subsystems] Discovering subsystems at path E:/Unity Hub/Unity/Editor/2020.2.2f1/Editor/Data/Resources/UnitySubsystems
[Subsystems] Discovering subsystems at path E:/School Projects/CST326/CST326-TowerDefenseProject/CST326-Tower Defense/Assets
GfxDevice: creating device client; threaded=0
Direct3D:
    Version:  Direct3D 11.0 [level 11.1]
    Renderer: NVIDIA GeForce GTX 1660 Ti (ID=0x2182)
    Vendor:   
    VRAM:     5991 MB
    Driver:   27.21.14.6192
Initialize mono
Mono path[0] = 'E:/Unity Hub/Unity/Editor/2020.2.2f1/Editor/Data/Managed'
Mono path[1] = 'E:/Unity Hub/Unity/Editor/2020.2.2f1/Editor/Data/MonoBleedingEdge/lib/mono/unityjit'
Mono config path = 'E:/Unity Hub/Unity/Editor/2020.2.2f1/Editor/Data/MonoBleedingEdge/etc'
Using monoOptions --debugger-agent=transport=dt_socket,embedding=1,server=y,suspend=n,address=127.0.0.1:56040
Begin MonoManager ReloadAssembly
Registering precompiled unity dll's ...
Register platform support module: E:/Unity Hub/Unity/Editor/2020.2.2f1/Editor/Data/PlaybackEngines/WindowsStandaloneSupport/UnityEditor.WindowsStandalone.Extensions.dll
Registered in 0.001174 seconds.
Native extension for WindowsStandalone target not found
Refreshing native plugins compatible for Editor in 25.86 ms, found 0 plugins.
Preloading 0 native plugins for Editor in 0.00 ms.
Invoked RoslynAnalysisRunner static constructor.
RoslynAnalysisRunner will not be running.
RoslynAnalysisRunner has terminated.
Mono: successfully reloaded assembly
- Completed reload, in  1.089 seconds
Platform modules already initialized, skipping
Registering precompiled user dll's ...
Registered in 0.000589 seconds.
Begin MonoManager ReloadAssembly
Native extension for WindowsStandalone target not found
Refreshing native plugins compatible for Editor in 0.31 ms, found 0 plugins.
Preloading 0 native plugins for Editor in 0.00 ms.
Invoked RoslynAnalysisRunner static constructor.
RoslynAnalysisRunner will not be running.
RoslynAnalysisRunner has terminated.
Mono: successfully reloaded assembly
- Completed reload, in  0.936 seconds
Platform modules already initialized, skipping
========================================================================
Worker process is ready to serve import requests
Launched and connected shader compiler UnityShaderCompiler.exe after 0.07 seconds
Refreshing native plugins compatible for Editor in 0.36 ms, found 0 plugins.
Preloading 0 native plugins for Editor in 0.00 ms.
Unloading 1131 Unused Serialized files (Serialized files now loaded: 0)
System memory in use before: 59.2 MB.
System memory in use after: 59.2 MB.

Unloading 10 unused Assets to reduce memory usage. Loaded Objects now: 1574.
Total: 3.144000 ms (FindLiveObjects: 0.220600 ms CreateObjectMapping: 0.043700 ms MarkObjects: 2.709600 ms  DeleteObjects: 0.167800 ms)

========================================================================
Received Import Request.
  path: Assets/Tower Defense/Scripts/Enemy.cs
  artifactKey: Guid(02de3298b17a05c418420097af29cedf) Importer(815301076,1909f56bfc062723c751e8b465ee728b)
Start importing Assets/Tower Defense/Scripts/Enemy.cs using Guid(02de3298b17a05c418420097af29cedf) Importer(815301076,1909f56bfc062723c751e8b465ee728b)  -> (artifact id: '1b14774fcf9998d98ad121fbc5408952') in 0.067246 seconds
  Import took 0.069701 seconds .

========================================================================
Received Import Request.
  Time since last request: 198.822974 seconds.
  path: Assets/Tower Defense/Prefab/SmallBadGuy.prefab
  artifactKey: Guid(930fa4151fffb3d488d1d0b00b4691ab) Importer(815301076,1909f56bfc062723c751e8b465ee728b)
Start importing Assets/Tower Defense/Prefab/SmallBadGuy.prefab using Guid(930fa4151fffb3d488d1d0b00b4691ab) Importer(815301076,1909f56bfc062723c751e8b465ee728b)  -> (artifact id: '81ed635ed477b69cf2cb22a5493d341e') in 0.102523 seconds
  Import took 0.104579 seconds .

========================================================================
Received Prepare
Registering precompiled user dll's ...
Registered in 0.001010 seconds.
Begin MonoManager ReloadAssembly
Native extension for WindowsStandalone target not found
Refreshing native plugins compatible for Editor in 0.76 ms, found 0 plugins.
Preloading 0 native plugins for Editor in 0.00 ms.
Invoked RoslynAnalysisRunner static constructor.
RoslynAnalysisRunner will not be running.
RoslynAnalysisRunner has terminated.
Mono: successfully reloaded assembly
- Completed reload, in  0.894 seconds
Platform modules already initialized, skipping
Refreshing native plugins compatible for Editor in 0.21 ms, found 0 plugins.
Preloading 0 native plugins for Editor in 0.00 ms.
Unloading 1115 Unused Serialized files (Serialized files now loaded: 0)
System memory in use before: 61.7 MB.
System memory in use after: 61.8 MB.

Unloading 6 unused Assets to reduce memory usage. Loaded Objects now: 1585.
Total: 1.519600 ms (FindLiveObjects: 0.135300 ms CreateObjectMapping: 0.026500 ms MarkObjects: 1.304000 ms  DeleteObjects: 0.052700 ms)

========================================================================
Received Import Request.
  Time since last request: 97.443748 seconds.
  path: Assets/Tower Defense/Prefab/BigBadGuy.prefab
  artifactKey: Guid(8e9ae34d3087e254ba136ebc1837315c) Importer(815301076,1909f56bfc062723c751e8b465ee728b)
Start importing Assets/Tower Defense/Prefab/BigBadGuy.prefab using Guid(8e9ae34d3087e254ba136ebc1837315c) Importer(815301076,1909f56bfc062723c751e8b465ee728b)  -> (artifact id: '59e1ce8a1bb58a93317f6fd2fd498737') in 0.059689 seconds
  Import took 0.062002 seconds .

========================================================================
Received Import Request.
  Time since last request: 68.167261 seconds.
  path: Assets/Tower Defense/Scripts/HordeManager.cs
  artifactKey: Guid(f580a5f90239e354fae35a47762a404b) Importer(815301076,1909f56bfc062723c751e8b465ee728b)
Start importing Assets/Tower Defense/Scripts/HordeManager.cs using Guid(f580a5f90239e354fae35a47762a404b) Importer(815301076,1909f56bfc062723c751e8b465ee728b)  -> (artifact id: '6d90c8ac71483d3dac2e7d0a8ea905aa') in 0.006595 seconds
  Import took 0.008424 seconds .

========================================================================
Received Import Request.
  Time since last request: 0.000797 seconds.
  path: Assets/Tower Defense/Scripts/HordeManager.cs
  artifactKey: Guid(f580a5f90239e354fae35a47762a404b) Importer(815301076,1909f56bfc062723c751e8b465ee728b)
Start importing Assets/Tower Defense/Scripts/HordeManager.cs using Guid(f580a5f90239e354fae35a47762a404b) Importer(815301076,1909f56bfc062723c751e8b465ee728b)  -> (artifact id: '6d90c8ac71483d3dac2e7d0a8ea905aa') in 0.001677 seconds
  Import took 0.003715 seconds .

========================================================================
Received Prepare
Registering precompiled user dll's ...
Registered in 0.000654 seconds.
Begin MonoManager ReloadAssembly
Native extension for WindowsStandalone target not found
Refreshing native plugins compatible for Editor in 0.24 ms, found 0 plugins.
Preloading 0 native plugins for Editor in 0.00 ms.
Invoked RoslynAnalysisRunner static constructor.
RoslynAnalysisRunner will not be running.
RoslynAnalysisRunner has terminated.
Mono: successfully reloaded assembly
- Completed reload, in  0.871 seconds
Platform modules already initialized, skipping
Refreshing native plugins compatible for Editor in 0.27 ms, found 0 plugins.
Preloading 0 native plugins for Editor in 0.00 ms.
Unloading 1115 Unused Serialized files (Serialized files now loaded: 0)
System memory in use before: 62.1 MB.
System memory in use after: 62.2 MB.

Unloading 6 unused Assets to reduce memory usage. Loaded Objects now: 1588.
Total: 1.759000 ms (FindLiveObjects: 0.139200 ms CreateObjectMapping: 0.028900 ms MarkObjects: 1.527100 ms  DeleteObjects: 0.062800 ms)

AssetImportWorkerClient::OnTransportError - code=2 error=End of file
